d:\computer science\2 course\c++\labs\_kr\kitikov_queue_array\kitikov_4a\debug\vc141.pdb
d:\computer science\2 course\c++\labs\_kr\kitikov_queue_array\kitikov_4a\debug\vc141.idb
d:\computer science\2 course\c++\labs\_kr\kitikov_queue_array\kitikov_4a\debug\visitor.obj
d:\computer science\2 course\c++\labs\_kr\kitikov_queue_array\kitikov_4a\debug\view.obj
d:\computer science\2 course\c++\labs\_kr\kitikov_queue_array\kitikov_4a\debug\source.obj
d:\computer science\2 course\c++\labs\_kr\kitikov_queue_array\kitikov_4a\debug\queue.obj
d:\computer science\2 course\c++\labs\_kr\kitikov_queue_array\kitikov_4a\debug\iterator.obj
d:\computer science\2 course\c++\labs\_kr\kitikov_queue_array\kitikov_4a\debug\controller.obj
d:\computer science\2 course\c++\labs\_kr\kitikov_queue_array\kitikov_4a\debug\stringlist.obj
d:\computer science\2 course\c++\labs\_kr\kitikov_queue_array\debug\kitikov_4a.exe
d:\computer science\2 course\c++\labs\_kr\kitikov_queue_array\debug\kitikov_4a.ilk
d:\computer science\2 course\c++\labs\_kr\kitikov_queue_array\debug\kitikov_4a.pdb
d:\computer science\2 course\c++\labs\_kr\kitikov_queue_array\kitikov_4a\debug\kitikov_4a.res
d:\computer science\2 course\c++\labs\_kr\kitikov_queue_array\kitikov_4a\debug\kitikov_4a.tlog\cl.command.1.tlog
d:\computer science\2 course\c++\labs\_kr\kitikov_queue_array\kitikov_4a\debug\kitikov_4a.tlog\cl.read.1.tlog
d:\computer science\2 course\c++\labs\_kr\kitikov_queue_array\kitikov_4a\debug\kitikov_4a.tlog\cl.write.1.tlog
d:\computer science\2 course\c++\labs\_kr\kitikov_queue_array\kitikov_4a\debug\kitikov_4a.tlog\link.command.1.tlog
d:\computer science\2 course\c++\labs\_kr\kitikov_queue_array\kitikov_4a\debug\kitikov_4a.tlog\link.read.1.tlog
d:\computer science\2 course\c++\labs\_kr\kitikov_queue_array\kitikov_4a\debug\kitikov_4a.tlog\link.write.1.tlog
d:\computer science\2 course\c++\labs\_kr\kitikov_queue_array\kitikov_4a\debug\kitikov_4a.tlog\rc.command.1.tlog
d:\computer science\2 course\c++\labs\_kr\kitikov_queue_array\kitikov_4a\debug\kitikov_4a.tlog\rc.read.1.tlog
d:\computer science\2 course\c++\labs\_kr\kitikov_queue_array\kitikov_4a\debug\kitikov_4a.tlog\rc.write.1.tlog
